[ 2018-01-13T19:10:14+08:00 ] 192.168.10.1 /
INFO: [ app_init ] --START--
INFO: Run Behavior\BuildLiteBehavior [ RunTime:0.000019s ]
INFO: [ app_init ] --END-- [ RunTime:0.001881s ]
INFO: [ app_begin ] --START--
INFO: Run Behavior\ReadHtmlCacheBehavior [ RunTime:0.003166s ]
INFO: [ app_begin ] --END-- [ RunTime:0.003229s ]
NOTIC: [2048] Declaration of Home\Controller\CommonController::display() should be compatible with Think\Controller::display($templateFile = '', $charset = '', $contentType = '', $content = '', $prefix = '') /home/www/tp3/kami/Application/Home/Controller/CommonController.class.php 第 0 行.
SQL: SHOW COLUMNS FROM `k_conf` [ RunTime:0.0006s ]
SQL: SELECT `title`,`value` FROM `k_conf`  [ RunTime:0.0002s ]
SQL: SHOW COLUMNS FROM `k_user` [ RunTime:0.0007s ]
SQL: SELECT `balance` FROM `k_user` WHERE `id` = null LIMIT 1   [ RunTime:0.0002s ]
SQL: SHOW COLUMNS FROM `k_img` [ RunTime:0.0004s ]
SQL: SELECT `name`,`pid`,`path` FROM `k_img`  [ RunTime:0.0001s ]
SQL: SHOW COLUMNS FROM `k_product` [ RunTime:0.0006s ]
SQL: SHOW COLUMNS FROM `k_product_category` [ RunTime:0.0004s ]
SQL: SELECT * FROM `k_product_category` ORDER BY sort asc  [ RunTime:0.0003s ]
SQL: SHOW COLUMNS FROM `k_product` [ RunTime:0.0004s ]
SQL: SELECT p.id,p.name,pc.name as cname FROM `k_product` `p`,`k_product_category` `pc` WHERE p.cid =pc.id ORDER BY pc.sort asc  [ RunTime:0.0002s ]
INFO: [ view_parse ] --START--
INFO: [ template_filter ] --START--
INFO: Run Behavior\ContentReplaceBehavior [ RunTime:0.000878s ]
INFO: [ template_filter ] --END-- [ RunTime:0.000933s ]
INFO: Run Behavior\ParseTemplateBehavior [ RunTime:0.049835s ]
INFO: [ view_parse ] --END-- [ RunTime:0.049885s ]
INFO: [ view_filter ] --START--
INFO: Run Behavior\WriteHtmlCacheBehavior [ RunTime:0.004656s ]
INFO: [ view_filter ] --END-- [ RunTime:0.004688s ]
INFO: [ app_end ] --START--
INFO: Run Behavior\ShowPageTraceBehavior [ RunTime:0.006926s ]
INFO: [ app_end ] --END-- [ RunTime:0.006965s ]

[ 2018-01-13T19:10:17+08:00 ] 192.168.10.1 /favicon.ico
INFO: [ app_init ] --START--
INFO: Run Behavior\BuildLiteBehavior [ RunTime:0.000025s ]
INFO: [ app_init ] --END-- [ RunTime:0.000628s ]

[ 2018-01-13T19:11:41+08:00 ] 192.168.10.1 /index.php/User/login.html
INFO: [ app_init ] --START--
INFO: Run Behavior\BuildLiteBehavior [ RunTime:0.000010s ]
INFO: [ app_init ] --END-- [ RunTime:0.000090s ]
INFO: [ app_begin ] --START--
INFO: Run Behavior\ReadHtmlCacheBehavior [ RunTime:0.000079s ]
INFO: [ app_begin ] --END-- [ RunTime:0.000125s ]
NOTIC: [2048] Declaration of Home\Controller\CommonController::display() should be compatible with Think\Controller::display($templateFile = '', $charset = '', $contentType = '', $content = '', $prefix = '') /home/www/tp3/kami/Application/Home/Controller/CommonController.class.php 第 0 行.
SQL: SHOW COLUMNS FROM `k_conf` [ RunTime:0.0006s ]
SQL: SELECT `title`,`value` FROM `k_conf`  [ RunTime:0.0001s ]
SQL: SHOW COLUMNS FROM `k_user` [ RunTime:0.0005s ]
SQL: SELECT `balance` FROM `k_user` WHERE `id` = null LIMIT 1   [ RunTime:0.0001s ]
SQL: SHOW COLUMNS FROM `k_img` [ RunTime:0.0005s ]
SQL: SELECT `name`,`pid`,`path` FROM `k_img`  [ RunTime:0.0001s ]
INFO: [ view_parse ] --START--
INFO: [ template_filter ] --START--
INFO: Run Behavior\ContentReplaceBehavior [ RunTime:0.000050s ]
INFO: [ template_filter ] --END-- [ RunTime:0.000085s ]
INFO: Run Behavior\ParseTemplateBehavior [ RunTime:0.009726s ]
INFO: [ view_parse ] --END-- [ RunTime:0.009771s ]
INFO: [ view_filter ] --START--
INFO: Run Behavior\WriteHtmlCacheBehavior [ RunTime:0.000052s ]
INFO: [ view_filter ] --END-- [ RunTime:0.000069s ]
INFO: [ app_end ] --START--
INFO: Run Behavior\ShowPageTraceBehavior [ RunTime:0.000355s ]
INFO: [ app_end ] --END-- [ RunTime:0.000379s ]

[ 2018-01-13T19:11:41+08:00 ] 192.168.10.1 /index.php/User/imgVerify.html
INFO: [ app_init ] --START--
INFO: Run Behavior\BuildLiteBehavior [ RunTime:0.000013s ]
INFO: [ app_init ] --END-- [ RunTime:0.000079s ]
INFO: [ app_begin ] --START--
INFO: Run Behavior\ReadHtmlCacheBehavior [ RunTime:0.000048s ]
INFO: [ app_begin ] --END-- [ RunTime:0.000084s ]
NOTIC: [2048] Declaration of Home\Controller\CommonController::display() should be compatible with Think\Controller::display($templateFile = '', $charset = '', $contentType = '', $content = '', $prefix = '') /home/www/tp3/kami/Application/Home/Controller/CommonController.class.php 第 0 行.
SQL: SHOW COLUMNS FROM `k_conf` [ RunTime:0.0008s ]
SQL: SELECT `title`,`value` FROM `k_conf`  [ RunTime:0.0002s ]
SQL: SHOW COLUMNS FROM `k_user` [ RunTime:0.0022s ]
SQL: SELECT `balance` FROM `k_user` WHERE `id` = null LIMIT 1   [ RunTime:0.0003s ]
SQL: SHOW COLUMNS FROM `k_img` [ RunTime:0.0009s ]
SQL: SELECT `name`,`pid`,`path` FROM `k_img`  [ RunTime:0.0001s ]
INFO: [ app_end ] --START--
INFO: Run Behavior\ShowPageTraceBehavior [ RunTime:0.000102s ]
INFO: [ app_end ] --END-- [ RunTime:0.000160s ]

[ 2018-01-13T19:11:52+08:00 ] 192.168.10.1 /index.php/User/login.html
INFO: [ app_init ] --START--
INFO: Run Behavior\BuildLiteBehavior [ RunTime:0.000009s ]
INFO: [ app_init ] --END-- [ RunTime:0.000066s ]
INFO: [ app_begin ] --START--
INFO: Run Behavior\ReadHtmlCacheBehavior [ RunTime:0.000034s ]
INFO: [ app_begin ] --END-- [ RunTime:0.000057s ]
NOTIC: [2048] Declaration of Home\Controller\CommonController::display() should be compatible with Think\Controller::display($templateFile = '', $charset = '', $contentType = '', $content = '', $prefix = '') /home/www/tp3/kami/Application/Home/Controller/CommonController.class.php 第 0 行.
SQL: SHOW COLUMNS FROM `k_conf` [ RunTime:0.0006s ]
SQL: SELECT `title`,`value` FROM `k_conf`  [ RunTime:0.0001s ]
SQL: SHOW COLUMNS FROM `k_user` [ RunTime:0.0006s ]
SQL: SELECT `balance` FROM `k_user` WHERE `id` = null LIMIT 1   [ RunTime:0.0001s ]
SQL: SHOW COLUMNS FROM `k_img` [ RunTime:0.0007s ]
SQL: SELECT `name`,`pid`,`path` FROM `k_img`  [ RunTime:0.0001s ]
SQL: SHOW COLUMNS FROM `k_user` [ RunTime:0.0006s ]
SQL: SELECT * FROM `k_user` WHERE `username` = 'user1' AND `password` = '99f26da77af15038dea7250eec6baeb3' LIMIT 1   [ RunTime:0.0002s ]
SQL: UPDATE `k_user` SET `ip`='192.168.10.1',`updatetime`='1515841912' WHERE `id` = 1 [ RunTime:0.0020s ]

[ 2018-01-13T19:11:52+08:00 ] 192.168.10.1 /index.php/Index/index.html
INFO: [ app_init ] --START--
INFO: Run Behavior\BuildLiteBehavior [ RunTime:0.000009s ]
INFO: [ app_init ] --END-- [ RunTime:0.000048s ]
INFO: [ app_begin ] --START--
INFO: Run Behavior\ReadHtmlCacheBehavior [ RunTime:0.000025s ]
INFO: [ app_begin ] --END-- [ RunTime:0.000044s ]
NOTIC: [2048] Declaration of Home\Controller\CommonController::display() should be compatible with Think\Controller::display($templateFile = '', $charset = '', $contentType = '', $content = '', $prefix = '') /home/www/tp3/kami/Application/Home/Controller/CommonController.class.php 第 0 行.
SQL: SHOW COLUMNS FROM `k_conf` [ RunTime:0.0005s ]
SQL: SELECT `title`,`value` FROM `k_conf`  [ RunTime:0.0001s ]
SQL: SHOW COLUMNS FROM `k_user` [ RunTime:0.0005s ]
SQL: SELECT `balance` FROM `k_user` WHERE `id` = 1 LIMIT 1   [ RunTime:0.0002s ]
SQL: SHOW COLUMNS FROM `k_img` [ RunTime:0.0006s ]
SQL: SELECT `name`,`pid`,`path` FROM `k_img`  [ RunTime:0.0001s ]
SQL: SHOW COLUMNS FROM `k_product` [ RunTime:0.0005s ]
SQL: SHOW COLUMNS FROM `k_product_category` [ RunTime:0.0004s ]
SQL: SELECT * FROM `k_product_category` ORDER BY sort asc  [ RunTime:0.0001s ]
SQL: SHOW COLUMNS FROM `k_product` [ RunTime:0.0006s ]
SQL: SELECT p.id,p.name,pc.name as cname FROM `k_product` `p`,`k_product_category` `pc` WHERE p.cid =pc.id ORDER BY pc.sort asc  [ RunTime:0.0001s ]
INFO: [ view_parse ] --START--
INFO: [ template_filter ] --START--
INFO: Run Behavior\ContentReplaceBehavior [ RunTime:0.000039s ]
INFO: [ template_filter ] --END-- [ RunTime:0.000069s ]
INFO: Run Behavior\ParseTemplateBehavior [ RunTime:0.009353s ]
INFO: [ view_parse ] --END-- [ RunTime:0.009398s ]
INFO: [ view_filter ] --START--
INFO: Run Behavior\WriteHtmlCacheBehavior [ RunTime:0.000038s ]
INFO: [ view_filter ] --END-- [ RunTime:0.000054s ]
INFO: [ app_end ] --START--
INFO: Run Behavior\ShowPageTraceBehavior [ RunTime:0.000031s ]
INFO: [ app_end ] --END-- [ RunTime:0.000048s ]

[ 2018-01-13T19:12:52+08:00 ] 192.168.10.1 /index.php/PayOrder/create.html
INFO: [ app_init ] --START--
INFO: Run Behavior\BuildLiteBehavior [ RunTime:0.000012s ]
INFO: [ app_init ] --END-- [ RunTime:0.000311s ]
INFO: [ app_begin ] --START--
INFO: Run Behavior\ReadHtmlCacheBehavior [ RunTime:0.000764s ]
INFO: [ app_begin ] --END-- [ RunTime:0.000854s ]
NOTIC: [2048] Declaration of Home\Controller\CommonController::display() should be compatible with Think\Controller::display($templateFile = '', $charset = '', $contentType = '', $content = '', $prefix = '') /home/www/tp3/kami/Application/Home/Controller/CommonController.class.php 第 0 行.
SQL: SHOW COLUMNS FROM `k_conf` [ RunTime:0.0006s ]
SQL: SELECT `title`,`value` FROM `k_conf`  [ RunTime:0.0001s ]
SQL: SHOW COLUMNS FROM `k_user` [ RunTime:0.0006s ]
SQL: SELECT `balance` FROM `k_user` WHERE `id` = 1 LIMIT 1   [ RunTime:0.0001s ]
SQL: SHOW COLUMNS FROM `k_img` [ RunTime:0.0006s ]
SQL: SELECT `name`,`pid`,`path` FROM `k_img`  [ RunTime:0.0001s ]
SQL: SHOW COLUMNS FROM `k_user` [ RunTime:0.0006s ]
SQL: SHOW COLUMNS FROM `k_bank` [ RunTime:0.0008s ]
SQL: SHOW COLUMNS FROM `k_pay_order` [ RunTime:0.0006s ]
SQL: SELECT `bind_bank` FROM `k_user` WHERE `id` = 1 LIMIT 1   [ RunTime:0.0003s ]

[ 2018-01-13T19:12:52+08:00 ] 192.168.10.1 /index.php/User/index.html
INFO: [ app_init ] --START--
INFO: Run Behavior\BuildLiteBehavior [ RunTime:0.000013s ]
INFO: [ app_init ] --END-- [ RunTime:0.000120s ]
INFO: [ app_begin ] --START--
INFO: Run Behavior\ReadHtmlCacheBehavior [ RunTime:0.000101s ]
INFO: [ app_begin ] --END-- [ RunTime:0.000135s ]
NOTIC: [2048] Declaration of Home\Controller\CommonController::display() should be compatible with Think\Controller::display($templateFile = '', $charset = '', $contentType = '', $content = '', $prefix = '') /home/www/tp3/kami/Application/Home/Controller/CommonController.class.php 第 0 行.
SQL: SHOW COLUMNS FROM `k_conf` [ RunTime:0.0006s ]
SQL: SELECT `title`,`value` FROM `k_conf`  [ RunTime:0.0001s ]
SQL: SHOW COLUMNS FROM `k_user` [ RunTime:0.0006s ]
SQL: SELECT `balance` FROM `k_user` WHERE `id` = 1 LIMIT 1   [ RunTime:0.0001s ]
SQL: SHOW COLUMNS FROM `k_img` [ RunTime:0.0005s ]
SQL: SELECT `name`,`pid`,`path` FROM `k_img`  [ RunTime:0.0002s ]
SQL: SHOW COLUMNS FROM `k_user` [ RunTime:0.0007s ]
SQL: SELECT * FROM `k_user` WHERE `id` = 1 LIMIT 1   [ RunTime:0.0002s ]
INFO: [ view_parse ] --START--
INFO: [ template_filter ] --START--
INFO: Run Behavior\ContentReplaceBehavior [ RunTime:0.000038s ]
INFO: [ template_filter ] --END-- [ RunTime:0.000075s ]
NOTIC: [8] Undefined variable: order_sel /home/www/tp3/kami/Application/Runtime/Cache/Home/aa88ddc47a081d12e77db9d7f1eac9ca.php 第 63 行.
INFO: Run Behavior\ParseTemplateBehavior [ RunTime:0.013252s ]
INFO: [ view_parse ] --END-- [ RunTime:0.013297s ]
INFO: [ view_filter ] --START--
INFO: Run Behavior\WriteHtmlCacheBehavior [ RunTime:0.000341s ]
INFO: [ view_filter ] --END-- [ RunTime:0.000370s ]
INFO: [ app_end ] --START--
INFO: Run Behavior\ShowPageTraceBehavior [ RunTime:0.000255s ]
INFO: [ app_end ] --END-- [ RunTime:0.000281s ]

[ 2018-01-13T19:12:56+08:00 ] 192.168.10.1 /index.php/User/orderList.html
INFO: [ app_init ] --START--
INFO: Run Behavior\BuildLiteBehavior [ RunTime:0.000026s ]
INFO: [ app_init ] --END-- [ RunTime:0.000210s ]
INFO: [ app_begin ] --START--
INFO: Run Behavior\ReadHtmlCacheBehavior [ RunTime:0.000079s ]
INFO: [ app_begin ] --END-- [ RunTime:0.000117s ]
NOTIC: [2048] Declaration of Home\Controller\CommonController::display() should be compatible with Think\Controller::display($templateFile = '', $charset = '', $contentType = '', $content = '', $prefix = '') /home/www/tp3/kami/Application/Home/Controller/CommonController.class.php 第 0 行.
SQL: SHOW COLUMNS FROM `k_conf` [ RunTime:0.0006s ]
SQL: SELECT `title`,`value` FROM `k_conf`  [ RunTime:0.0004s ]
SQL: SHOW COLUMNS FROM `k_user` [ RunTime:0.0006s ]
SQL: SELECT `balance` FROM `k_user` WHERE `id` = 1 LIMIT 1   [ RunTime:0.0001s ]
SQL: SHOW COLUMNS FROM `k_img` [ RunTime:0.0005s ]
SQL: SELECT `name`,`pid`,`path` FROM `k_img`  [ RunTime:0.0001s ]
SQL: SHOW COLUMNS FROM `k_user` [ RunTime:0.0005s ]
SQL: SELECT * FROM `k_user` WHERE `id` = 1 LIMIT 1   [ RunTime:0.0001s ]
SQL: SHOW COLUMNS FROM `k_order` [ RunTime:0.0005s ]
SQL: SELECT * FROM `k_order` WHERE `uid` = 1 ORDER BY datetime desc  [ RunTime:0.0003s ]
INFO: [ view_parse ] --START--
INFO: [ template_filter ] --START--
INFO: Run Behavior\ContentReplaceBehavior [ RunTime:0.000078s ]
INFO: [ template_filter ] --END-- [ RunTime:0.000112s ]
NOTIC: [8] Undefined variable: index_sel /home/www/tp3/kami/Application/Runtime/Cache/Home/ecfe80bec1248f2173f1536e9dc88424.php 第 61 行.
INFO: Run Behavior\ParseTemplateBehavior [ RunTime:0.009744s ]
INFO: [ view_parse ] --END-- [ RunTime:0.009798s ]
INFO: [ view_filter ] --START--
INFO: Run Behavior\WriteHtmlCacheBehavior [ RunTime:0.000060s ]
INFO: [ view_filter ] --END-- [ RunTime:0.000078s ]
INFO: [ app_end ] --START--
INFO: Run Behavior\ShowPageTraceBehavior [ RunTime:0.000051s ]
INFO: [ app_end ] --END-- [ RunTime:0.000071s ]

[ 2018-01-13T19:13:00+08:00 ] 192.168.10.1 /index.php/User/index.html
INFO: [ app_init ] --START--
INFO: Run Behavior\BuildLiteBehavior [ RunTime:0.000008s ]
INFO: [ app_init ] --END-- [ RunTime:0.000053s ]
INFO: [ app_begin ] --START--
INFO: Run Behavior\ReadHtmlCacheBehavior [ RunTime:0.000027s ]
INFO: [ app_begin ] --END-- [ RunTime:0.000045s ]
NOTIC: [2048] Declaration of Home\Controller\CommonController::display() should be compatible with Think\Controller::display($templateFile = '', $charset = '', $contentType = '', $content = '', $prefix = '') /home/www/tp3/kami/Application/Home/Controller/CommonController.class.php 第 0 行.
SQL: SHOW COLUMNS FROM `k_conf` [ RunTime:0.0007s ]
SQL: SELECT `title`,`value` FROM `k_conf`  [ RunTime:0.0001s ]
SQL: SHOW COLUMNS FROM `k_user` [ RunTime:0.0004s ]
SQL: SELECT `balance` FROM `k_user` WHERE `id` = 1 LIMIT 1   [ RunTime:0.0001s ]
SQL: SHOW COLUMNS FROM `k_img` [ RunTime:0.0004s ]
SQL: SELECT `name`,`pid`,`path` FROM `k_img`  [ RunTime:0.0001s ]
SQL: SHOW COLUMNS FROM `k_user` [ RunTime:0.0006s ]
SQL: SELECT * FROM `k_user` WHERE `id` = 1 LIMIT 1   [ RunTime:0.0002s ]
INFO: [ view_parse ] --START--
INFO: [ template_filter ] --START--
INFO: Run Behavior\ContentReplaceBehavior [ RunTime:0.000039s ]
INFO: [ template_filter ] --END-- [ RunTime:0.000066s ]
NOTIC: [8] Undefined variable: order_sel /home/www/tp3/kami/Application/Runtime/Cache/Home/aa88ddc47a081d12e77db9d7f1eac9ca.php 第 63 行.
INFO: Run Behavior\ParseTemplateBehavior [ RunTime:0.009581s ]
INFO: [ view_parse ] --END-- [ RunTime:0.009619s ]
INFO: [ view_filter ] --START--
INFO: Run Behavior\WriteHtmlCacheBehavior [ RunTime:0.000039s ]
INFO: [ view_filter ] --END-- [ RunTime:0.000054s ]
INFO: [ app_end ] --START--
INFO: Run Behavior\ShowPageTraceBehavior [ RunTime:0.000032s ]
INFO: [ app_end ] --END-- [ RunTime:0.000050s ]

[ 2018-01-13T19:13:02+08:00 ] 192.168.10.1 /index.php/PayOrder/create.html
INFO: [ app_init ] --START--
INFO: Run Behavior\BuildLiteBehavior [ RunTime:0.000009s ]
INFO: [ app_init ] --END-- [ RunTime:0.000053s ]
INFO: [ app_begin ] --START--
INFO: Run Behavior\ReadHtmlCacheBehavior [ RunTime:0.000028s ]
INFO: [ app_begin ] --END-- [ RunTime:0.000059s ]
NOTIC: [2048] Declaration of Home\Controller\CommonController::display() should be compatible with Think\Controller::display($templateFile = '', $charset = '', $contentType = '', $content = '', $prefix = '') /home/www/tp3/kami/Application/Home/Controller/CommonController.class.php 第 0 行.
SQL: SHOW COLUMNS FROM `k_conf` [ RunTime:0.0005s ]
SQL: SELECT `title`,`value` FROM `k_conf`  [ RunTime:0.0001s ]
SQL: SHOW COLUMNS FROM `k_user` [ RunTime:0.0005s ]
SQL: SELECT `balance` FROM `k_user` WHERE `id` = 1 LIMIT 1   [ RunTime:0.0001s ]
SQL: SHOW COLUMNS FROM `k_img` [ RunTime:0.0005s ]
SQL: SELECT `name`,`pid`,`path` FROM `k_img`  [ RunTime:0.0001s ]
SQL: SHOW COLUMNS FROM `k_user` [ RunTime:0.0005s ]
SQL: SHOW COLUMNS FROM `k_bank` [ RunTime:0.0005s ]
SQL: SHOW COLUMNS FROM `k_pay_order` [ RunTime:0.0005s ]
SQL: SELECT `bind_bank` FROM `k_user` WHERE `id` = 1 LIMIT 1   [ RunTime:0.0001s ]

[ 2018-01-13T19:13:02+08:00 ] 192.168.10.1 /index.php/User/index.html
INFO: [ app_init ] --START--
INFO: Run Behavior\BuildLiteBehavior [ RunTime:0.000007s ]
INFO: [ app_init ] --END-- [ RunTime:0.000043s ]
INFO: [ app_begin ] --START--
INFO: Run Behavior\ReadHtmlCacheBehavior [ RunTime:0.000021s ]
INFO: [ app_begin ] --END-- [ RunTime:0.000040s ]
NOTIC: [2048] Declaration of Home\Controller\CommonController::display() should be compatible with Think\Controller::display($templateFile = '', $charset = '', $contentType = '', $content = '', $prefix = '') /home/www/tp3/kami/Application/Home/Controller/CommonController.class.php 第 0 行.
SQL: SHOW COLUMNS FROM `k_conf` [ RunTime:0.0005s ]
SQL: SELECT `title`,`value` FROM `k_conf`  [ RunTime:0.0001s ]
SQL: SHOW COLUMNS FROM `k_user` [ RunTime:0.0005s ]
SQL: SELECT `balance` FROM `k_user` WHERE `id` = 1 LIMIT 1   [ RunTime:0.0001s ]
SQL: SHOW COLUMNS FROM `k_img` [ RunTime:0.0004s ]
SQL: SELECT `name`,`pid`,`path` FROM `k_img`  [ RunTime:0.0001s ]
SQL: SHOW COLUMNS FROM `k_user` [ RunTime:0.0004s ]
SQL: SELECT * FROM `k_user` WHERE `id` = 1 LIMIT 1   [ RunTime:0.0001s ]
INFO: [ view_parse ] --START--
INFO: [ template_filter ] --START--
INFO: Run Behavior\ContentReplaceBehavior [ RunTime:0.000000s ]
INFO: [ template_filter ] --END-- [ RunTime:0.000000s ]
NOTIC: [8] Undefined variable: order_sel /home/www/tp3/kami/Application/Runtime/Cache/Home/aa88ddc47a081d12e77db9d7f1eac9ca.php 第 63 行.
INFO: Run Behavior\ParseTemplateBehavior [ RunTime:0.007371s ]
INFO: [ view_parse ] --END-- [ RunTime:0.007403s ]
INFO: [ view_filter ] --START--
INFO: Run Behavior\WriteHtmlCacheBehavior [ RunTime:0.000037s ]
INFO: [ view_filter ] --END-- [ RunTime:0.000054s ]
INFO: [ app_end ] --START--
INFO: Run Behavior\ShowPageTraceBehavior [ RunTime:0.000025s ]
INFO: [ app_end ] --END-- [ RunTime:0.000044s ]

[ 2018-01-13T19:13:38+08:00 ] 192.168.10.1 /index.php/PayOrder/create.html
INFO: [ app_init ] --START--
INFO: Run Behavior\BuildLiteBehavior [ RunTime:0.000020s ]
INFO: [ app_init ] --END-- [ RunTime:0.000162s ]
INFO: [ app_begin ] --START--
INFO: Run Behavior\ReadHtmlCacheBehavior [ RunTime:0.000086s ]
INFO: [ app_begin ] --END-- [ RunTime:0.000134s ]
NOTIC: [2048] Declaration of Home\Controller\CommonController::display() should be compatible with Think\Controller::display($templateFile = '', $charset = '', $contentType = '', $content = '', $prefix = '') /home/www/tp3/kami/Application/Home/Controller/CommonController.class.php 第 0 行.
SQL: SHOW COLUMNS FROM `k_conf` [ RunTime:0.0006s ]
SQL: SELECT `title`,`value` FROM `k_conf`  [ RunTime:0.0001s ]
SQL: SHOW COLUMNS FROM `k_user` [ RunTime:0.0005s ]
SQL: SELECT `balance` FROM `k_user` WHERE `id` = 1 LIMIT 1   [ RunTime:0.0001s ]
SQL: SHOW COLUMNS FROM `k_img` [ RunTime:0.0004s ]
SQL: SELECT `name`,`pid`,`path` FROM `k_img`  [ RunTime:0.0000s ]
SQL: SHOW COLUMNS FROM `k_user` [ RunTime:0.0005s ]
SQL: SHOW COLUMNS FROM `k_bank` [ RunTime:0.0005s ]
SQL: SHOW COLUMNS FROM `k_pay_order` [ RunTime:0.0005s ]
SQL: SELECT `bind_bank` FROM `k_user` WHERE `id` = 1 LIMIT 1   [ RunTime:0.0001s ]

[ 2018-01-13T19:13:38+08:00 ] 192.168.10.1 /index.php/User/index.html
INFO: [ app_init ] --START--
INFO: Run Behavior\BuildLiteBehavior [ RunTime:0.000008s ]
INFO: [ app_init ] --END-- [ RunTime:0.000059s ]
INFO: [ app_begin ] --START--
INFO: Run Behavior\ReadHtmlCacheBehavior [ RunTime:0.000026s ]
INFO: [ app_begin ] --END-- [ RunTime:0.000050s ]
NOTIC: [2048] Declaration of Home\Controller\CommonController::display() should be compatible with Think\Controller::display($templateFile = '', $charset = '', $contentType = '', $content = '', $prefix = '') /home/www/tp3/kami/Application/Home/Controller/CommonController.class.php 第 0 行.
SQL: SHOW COLUMNS FROM `k_conf` [ RunTime:0.0005s ]
SQL: SELECT `title`,`value` FROM `k_conf`  [ RunTime:0.0001s ]
SQL: SHOW COLUMNS FROM `k_user` [ RunTime:0.0005s ]
SQL: SELECT `balance` FROM `k_user` WHERE `id` = 1 LIMIT 1   [ RunTime:0.0002s ]
SQL: SHOW COLUMNS FROM `k_img` [ RunTime:0.0004s ]
SQL: SELECT `name`,`pid`,`path` FROM `k_img`  [ RunTime:0.0001s ]
SQL: SHOW COLUMNS FROM `k_user` [ RunTime:0.0005s ]
SQL: SELECT * FROM `k_user` WHERE `id` = 1 LIMIT 1   [ RunTime:0.0001s ]
INFO: [ view_parse ] --START--
INFO: [ template_filter ] --START--
INFO: Run Behavior\ContentReplaceBehavior [ RunTime:0.000050s ]
INFO: [ template_filter ] --END-- [ RunTime:0.000077s ]
NOTIC: [8] Undefined variable: order_sel /home/www/tp3/kami/Application/Runtime/Cache/Home/aa88ddc47a081d12e77db9d7f1eac9ca.php 第 63 行.
INFO: Run Behavior\ParseTemplateBehavior [ RunTime:0.009402s ]
INFO: [ view_parse ] --END-- [ RunTime:0.009465s ]
INFO: [ view_filter ] --START--
INFO: Run Behavior\WriteHtmlCacheBehavior [ RunTime:0.000046s ]
INFO: [ view_filter ] --END-- [ RunTime:0.000061s ]
INFO: [ app_end ] --START--
INFO: Run Behavior\ShowPageTraceBehavior [ RunTime:0.000289s ]
INFO: [ app_end ] --END-- [ RunTime:0.000315s ]

[ 2018-01-13T19:13:40+08:00 ] 192.168.10.1 /index.php/PayOrder/create.html
INFO: [ app_init ] --START--
INFO: Run Behavior\BuildLiteBehavior [ RunTime:0.000010s ]
INFO: [ app_init ] --END-- [ RunTime:0.000057s ]
INFO: [ app_begin ] --START--
INFO: Run Behavior\ReadHtmlCacheBehavior [ RunTime:0.000030s ]
INFO: [ app_begin ] --END-- [ RunTime:0.000055s ]
NOTIC: [2048] Declaration of Home\Controller\CommonController::display() should be compatible with Think\Controller::display($templateFile = '', $charset = '', $contentType = '', $content = '', $prefix = '') /home/www/tp3/kami/Application/Home/Controller/CommonController.class.php 第 0 行.
SQL: SHOW COLUMNS FROM `k_conf` [ RunTime:0.0006s ]
SQL: SELECT `title`,`value` FROM `k_conf`  [ RunTime:0.0001s ]
SQL: SHOW COLUMNS FROM `k_user` [ RunTime:0.0006s ]
SQL: SELECT `balance` FROM `k_user` WHERE `id` = 1 LIMIT 1   [ RunTime:0.0001s ]
SQL: SHOW COLUMNS FROM `k_img` [ RunTime:0.0005s ]
SQL: SELECT `name`,`pid`,`path` FROM `k_img`  [ RunTime:0.0001s ]
SQL: SHOW COLUMNS FROM `k_user` [ RunTime:0.0007s ]
SQL: SHOW COLUMNS FROM `k_bank` [ RunTime:0.0004s ]
SQL: SHOW COLUMNS FROM `k_pay_order` [ RunTime:0.0006s ]
SQL: SELECT `bind_bank` FROM `k_user` WHERE `id` = 1 LIMIT 1   [ RunTime:0.0001s ]

[ 2018-01-13T19:13:40+08:00 ] 192.168.10.1 /index.php/User/index.html
INFO: [ app_init ] --START--
INFO: Run Behavior\BuildLiteBehavior [ RunTime:0.000010s ]
INFO: [ app_init ] --END-- [ RunTime:0.000054s ]
INFO: [ app_begin ] --START--
INFO: Run Behavior\ReadHtmlCacheBehavior [ RunTime:0.000028s ]
INFO: [ app_begin ] --END-- [ RunTime:0.000052s ]
NOTIC: [2048] Declaration of Home\Controller\CommonController::display() should be compatible with Think\Controller::display($templateFile = '', $charset = '', $contentType = '', $content = '', $prefix = '') /home/www/tp3/kami/Application/Home/Controller/CommonController.class.php 第 0 行.
SQL: SHOW COLUMNS FROM `k_conf` [ RunTime:0.0005s ]
SQL: SELECT `title`,`value` FROM `k_conf`  [ RunTime:0.0001s ]
SQL: SHOW COLUMNS FROM `k_user` [ RunTime:0.0006s ]
SQL: SELECT `balance` FROM `k_user` WHERE `id` = 1 LIMIT 1   [ RunTime:0.0001s ]
SQL: SHOW COLUMNS FROM `k_img` [ RunTime:0.0006s ]
SQL: SELECT `name`,`pid`,`path` FROM `k_img`  [ RunTime:0.0001s ]
SQL: SHOW COLUMNS FROM `k_user` [ RunTime:0.0005s ]
SQL: SELECT * FROM `k_user` WHERE `id` = 1 LIMIT 1   [ RunTime:0.0001s ]
INFO: [ view_parse ] --START--
INFO: [ template_filter ] --START--
INFO: Run Behavior\ContentReplaceBehavior [ RunTime:0.000033s ]
INFO: [ template_filter ] --END-- [ RunTime:0.000061s ]
NOTIC: [8] Undefined variable: order_sel /home/www/tp3/kami/Application/Runtime/Cache/Home/aa88ddc47a081d12e77db9d7f1eac9ca.php 第 63 行.
INFO: Run Behavior\ParseTemplateBehavior [ RunTime:0.007403s ]
INFO: [ view_parse ] --END-- [ RunTime:0.007433s ]
INFO: [ view_filter ] --START--
INFO: Run Behavior\WriteHtmlCacheBehavior [ RunTime:0.000035s ]
INFO: [ view_filter ] --END-- [ RunTime:0.000053s ]
INFO: [ app_end ] --START--
INFO: Run Behavior\ShowPageTraceBehavior [ RunTime:0.000028s ]
INFO: [ app_end ] --END-- [ RunTime:0.000049s ]

[ 2018-01-13T19:14:15+08:00 ] 192.168.10.1 /index.php/File/ajaxUpload/type/IDCARD.html
INFO: [ app_init ] --START--
INFO: Run Behavior\BuildLiteBehavior [ RunTime:0.000027s ]
INFO: [ app_init ] --END-- [ RunTime:0.000433s ]
INFO: [ app_begin ] --START--
INFO: Run Behavior\ReadHtmlCacheBehavior [ RunTime:0.000252s ]
INFO: [ app_begin ] --END-- [ RunTime:0.000295s ]
NOTIC: [2048] Declaration of Home\Controller\CommonController::display() should be compatible with Think\Controller::display($templateFile = '', $charset = '', $contentType = '', $content = '', $prefix = '') /home/www/tp3/kami/Application/Home/Controller/CommonController.class.php 第 0 行.
SQL: SHOW COLUMNS FROM `k_conf` [ RunTime:0.0005s ]
SQL: SELECT `title`,`value` FROM `k_conf`  [ RunTime:0.0002s ]
SQL: SHOW COLUMNS FROM `k_user` [ RunTime:0.0006s ]
SQL: SELECT `balance` FROM `k_user` WHERE `id` = 1 LIMIT 1   [ RunTime:0.0001s ]
SQL: SHOW COLUMNS FROM `k_img` [ RunTime:0.0004s ]
SQL: SELECT `name`,`pid`,`path` FROM `k_img`  [ RunTime:0.0001s ]
SQL: SHOW COLUMNS FROM `k_file` [ RunTime:0.0008s ]
NOTIC: [2] call_user_func() expects parameter 1 to be a valid callback, no array or string given /home/www/tp3/kami/ThinkPHP/Library/Think/Upload.class.php 第 170 行.

[ 2018-01-13T19:14:17+08:00 ] 192.168.10.1 /index.php/User/index.html
INFO: [ app_init ] --START--
INFO: Run Behavior\BuildLiteBehavior [ RunTime:0.000010s ]
INFO: [ app_init ] --END-- [ RunTime:0.000059s ]
INFO: [ app_begin ] --START--
INFO: Run Behavior\ReadHtmlCacheBehavior [ RunTime:0.000026s ]
INFO: [ app_begin ] --END-- [ RunTime:0.000055s ]
NOTIC: [2048] Declaration of Home\Controller\CommonController::display() should be compatible with Think\Controller::display($templateFile = '', $charset = '', $contentType = '', $content = '', $prefix = '') /home/www/tp3/kami/Application/Home/Controller/CommonController.class.php 第 0 行.
SQL: SHOW COLUMNS FROM `k_conf` [ RunTime:0.0006s ]
SQL: SELECT `title`,`value` FROM `k_conf`  [ RunTime:0.0001s ]
SQL: SHOW COLUMNS FROM `k_user` [ RunTime:0.0007s ]
SQL: SELECT `balance` FROM `k_user` WHERE `id` = 1 LIMIT 1   [ RunTime:0.0001s ]
SQL: SHOW COLUMNS FROM `k_img` [ RunTime:0.0004s ]
SQL: SELECT `name`,`pid`,`path` FROM `k_img`  [ RunTime:0.0001s ]
SQL: SHOW COLUMNS FROM `k_user` [ RunTime:0.0005s ]
SQL: SELECT `bind_bank` FROM `k_user` WHERE `id` = 1 LIMIT 1   [ RunTime:0.0001s ]
SQL: UPDATE `k_user` SET `email`='user1@163.com',`realname`='User',`idcard`='350802196910236010',`bank`='农业',`bankcard`='622848155350383',`idcard_img`='/Uploads/idcard/2018-01-13/5a59ea07c2482.jpg',`bind_bank`='1' WHERE `id` = 1 [ RunTime:0.0020s ]

[ 2018-01-13T19:14:17+08:00 ] 192.168.10.1 /index.php/User/index.html
INFO: [ app_init ] --START--
INFO: Run Behavior\BuildLiteBehavior [ RunTime:0.000010s ]
INFO: [ app_init ] --END-- [ RunTime:0.000050s ]
INFO: [ app_begin ] --START--
INFO: Run Behavior\ReadHtmlCacheBehavior [ RunTime:0.000025s ]
INFO: [ app_begin ] --END-- [ RunTime:0.000045s ]
NOTIC: [2048] Declaration of Home\Controller\CommonController::display() should be compatible with Think\Controller::display($templateFile = '', $charset = '', $contentType = '', $content = '', $prefix = '') /home/www/tp3/kami/Application/Home/Controller/CommonController.class.php 第 0 行.
SQL: SHOW COLUMNS FROM `k_conf` [ RunTime:0.0005s ]
SQL: SELECT `title`,`value` FROM `k_conf`  [ RunTime:0.0002s ]
SQL: SHOW COLUMNS FROM `k_user` [ RunTime:0.0006s ]
SQL: SELECT `balance` FROM `k_user` WHERE `id` = 1 LIMIT 1   [ RunTime:0.0002s ]
SQL: SHOW COLUMNS FROM `k_img` [ RunTime:0.0004s ]
SQL: SELECT `name`,`pid`,`path` FROM `k_img`  [ RunTime:0.0001s ]
SQL: SHOW COLUMNS FROM `k_user` [ RunTime:0.0005s ]
SQL: SELECT * FROM `k_user` WHERE `id` = 1 LIMIT 1   [ RunTime:0.0002s ]
INFO: [ view_parse ] --START--
INFO: [ template_filter ] --START--
INFO: Run Behavior\ContentReplaceBehavior [ RunTime:0.000045s ]
INFO: [ template_filter ] --END-- [ RunTime:0.000077s ]
NOTIC: [8] Undefined variable: order_sel /home/www/tp3/kami/Application/Runtime/Cache/Home/aa88ddc47a081d12e77db9d7f1eac9ca.php 第 63 行.
INFO: Run Behavior\ParseTemplateBehavior [ RunTime:0.010157s ]
INFO: [ view_parse ] --END-- [ RunTime:0.010187s ]
INFO: [ view_filter ] --START--
INFO: Run Behavior\WriteHtmlCacheBehavior [ RunTime:0.000243s ]
INFO: [ view_filter ] --END-- [ RunTime:0.000266s ]
INFO: [ app_end ] --START--
INFO: Run Behavior\ShowPageTraceBehavior [ RunTime:0.000046s ]
INFO: [ app_end ] --END-- [ RunTime:0.000066s ]

[ 2018-01-13T19:14:30+08:00 ] 192.168.10.1 /index.php/User/index.html
INFO: [ app_init ] --START--
INFO: Run Behavior\BuildLiteBehavior [ RunTime:0.000026s ]
INFO: [ app_init ] --END-- [ RunTime:0.000208s ]
INFO: [ app_begin ] --START--
INFO: Run Behavior\ReadHtmlCacheBehavior [ RunTime:0.000086s ]
INFO: [ app_begin ] --END-- [ RunTime:0.000132s ]
NOTIC: [2048] Declaration of Home\Controller\CommonController::display() should be compatible with Think\Controller::display($templateFile = '', $charset = '', $contentType = '', $content = '', $prefix = '') /home/www/tp3/kami/Application/Home/Controller/CommonController.class.php 第 0 行.
SQL: SHOW COLUMNS FROM `k_conf` [ RunTime:0.0009s ]
SQL: SELECT `title`,`value` FROM `k_conf`  [ RunTime:0.0001s ]
SQL: SHOW COLUMNS FROM `k_user` [ RunTime:0.0007s ]
SQL: SELECT `balance` FROM `k_user` WHERE `id` = 1 LIMIT 1   [ RunTime:0.0001s ]
SQL: SHOW COLUMNS FROM `k_img` [ RunTime:0.0005s ]
SQL: SELECT `name`,`pid`,`path` FROM `k_img`  [ RunTime:0.0001s ]
SQL: SHOW COLUMNS FROM `k_user` [ RunTime:0.0005s ]
SQL: SELECT * FROM `k_user` WHERE `id` = 1 LIMIT 1   [ RunTime:0.0001s ]
INFO: [ view_parse ] --START--
INFO: [ template_filter ] --START--
INFO: Run Behavior\ContentReplaceBehavior [ RunTime:0.000060s ]
INFO: [ template_filter ] --END-- [ RunTime:0.000089s ]
NOTIC: [8] Undefined variable: order_sel /home/www/tp3/kami/Application/Runtime/Cache/Home/aa88ddc47a081d12e77db9d7f1eac9ca.php 第 63 行.
INFO: Run Behavior\ParseTemplateBehavior [ RunTime:0.014716s ]
INFO: [ view_parse ] --END-- [ RunTime:0.014751s ]
INFO: [ view_filter ] --START--
INFO: Run Behavior\WriteHtmlCacheBehavior [ RunTime:0.000050s ]
INFO: [ view_filter ] --END-- [ RunTime:0.000067s ]
INFO: [ app_end ] --START--
INFO: Run Behavior\ShowPageTraceBehavior [ RunTime:0.000333s ]
INFO: [ app_end ] --END-- [ RunTime:0.000362s ]

[ 2018-01-13T19:14:31+08:00 ] 192.168.10.1 /index.php/User/index.html
INFO: [ app_init ] --START--
INFO: Run Behavior\BuildLiteBehavior [ RunTime:0.000010s ]
INFO: [ app_init ] --END-- [ RunTime:0.000061s ]
INFO: [ app_begin ] --START--
INFO: Run Behavior\ReadHtmlCacheBehavior [ RunTime:0.000030s ]
INFO: [ app_begin ] --END-- [ RunTime:0.000056s ]
NOTIC: [2048] Declaration of Home\Controller\CommonController::display() should be compatible with Think\Controller::display($templateFile = '', $charset = '', $contentType = '', $content = '', $prefix = '') /home/www/tp3/kami/Application/Home/Controller/CommonController.class.php 第 0 行.
SQL: SHOW COLUMNS FROM `k_conf` [ RunTime:0.0013s ]
SQL: SELECT `title`,`value` FROM `k_conf`  [ RunTime:0.0001s ]
SQL: SHOW COLUMNS FROM `k_user` [ RunTime:0.0006s ]
SQL: SELECT `balance` FROM `k_user` WHERE `id` = 1 LIMIT 1   [ RunTime:0.0001s ]
SQL: SHOW COLUMNS FROM `k_img` [ RunTime:0.0006s ]
SQL: SELECT `name`,`pid`,`path` FROM `k_img`  [ RunTime:0.0001s ]
SQL: SHOW COLUMNS FROM `k_user` [ RunTime:0.0006s ]
SQL: SELECT * FROM `k_user` WHERE `id` = 1 LIMIT 1   [ RunTime:0.0001s ]
INFO: [ view_parse ] --START--
INFO: [ template_filter ] --START--
INFO: Run Behavior\ContentReplaceBehavior [ RunTime:0.000049s ]
INFO: [ template_filter ] --END-- [ RunTime:0.000084s ]
NOTIC: [8] Undefined variable: order_sel /home/www/tp3/kami/Application/Runtime/Cache/Home/aa88ddc47a081d12e77db9d7f1eac9ca.php 第 63 行.
INFO: Run Behavior\ParseTemplateBehavior [ RunTime:0.013986s ]
INFO: [ view_parse ] --END-- [ RunTime:0.014028s ]
INFO: [ view_filter ] --START--
INFO: Run Behavior\WriteHtmlCacheBehavior [ RunTime:0.000049s ]
INFO: [ view_filter ] --END-- [ RunTime:0.000073s ]
INFO: [ app_end ] --START--
INFO: Run Behavior\ShowPageTraceBehavior [ RunTime:0.000036s ]
INFO: [ app_end ] --END-- [ RunTime:0.000057s ]

[ 2018-01-13T19:14:32+08:00 ] 192.168.10.1 /index.php/PayOrder/create.html
INFO: [ app_init ] --START--
INFO: Run Behavior\BuildLiteBehavior [ RunTime:0.000009s ]
INFO: [ app_init ] --END-- [ RunTime:0.000064s ]
INFO: [ app_begin ] --START--
INFO: Run Behavior\ReadHtmlCacheBehavior [ RunTime:0.000031s ]
INFO: [ app_begin ] --END-- [ RunTime:0.000060s ]
NOTIC: [2048] Declaration of Home\Controller\CommonController::display() should be compatible with Think\Controller::display($templateFile = '', $charset = '', $contentType = '', $content = '', $prefix = '') /home/www/tp3/kami/Application/Home/Controller/CommonController.class.php 第 0 行.
SQL: SHOW COLUMNS FROM `k_conf` [ RunTime:0.0006s ]
SQL: SELECT `title`,`value` FROM `k_conf`  [ RunTime:0.0001s ]
SQL: SHOW COLUMNS FROM `k_user` [ RunTime:0.0007s ]
SQL: SELECT `balance` FROM `k_user` WHERE `id` = 1 LIMIT 1   [ RunTime:0.0001s ]
SQL: SHOW COLUMNS FROM `k_img` [ RunTime:0.0005s ]
SQL: SELECT `name`,`pid`,`path` FROM `k_img`  [ RunTime:0.0001s ]
SQL: SHOW COLUMNS FROM `k_user` [ RunTime:0.0006s ]
SQL: SHOW COLUMNS FROM `k_bank` [ RunTime:0.0005s ]
SQL: SHOW COLUMNS FROM `k_pay_order` [ RunTime:0.0005s ]
SQL: SELECT `bind_bank` FROM `k_user` WHERE `id` = 1 LIMIT 1   [ RunTime:0.0005s ]
SQL: SELECT * FROM `k_bank`  [ RunTime:0.0002s ]
INFO: [ view_parse ] --START--
INFO: [ template_filter ] --START--
INFO: Run Behavior\ContentReplaceBehavior [ RunTime:0.000041s ]
INFO: [ template_filter ] --END-- [ RunTime:0.000078s ]
INFO: Run Behavior\ParseTemplateBehavior [ RunTime:0.012709s ]
INFO: [ view_parse ] --END-- [ RunTime:0.012754s ]
INFO: [ view_filter ] --START--
INFO: Run Behavior\WriteHtmlCacheBehavior [ RunTime:0.000034s ]
INFO: [ view_filter ] --END-- [ RunTime:0.000052s ]
INFO: [ app_end ] --START--
INFO: Run Behavior\ShowPageTraceBehavior [ RunTime:0.000030s ]
INFO: [ app_end ] --END-- [ RunTime:0.000050s ]

[ 2018-01-13T19:14:58+08:00 ] 192.168.10.1 /index.php/PayOrder/create.html
INFO: [ app_init ] --START--
INFO: Run Behavior\BuildLiteBehavior [ RunTime:0.000010s ]
INFO: [ app_init ] --END-- [ RunTime:0.000096s ]
INFO: [ app_begin ] --START--
INFO: Run Behavior\ReadHtmlCacheBehavior [ RunTime:0.000036s ]
INFO: [ app_begin ] --END-- [ RunTime:0.000072s ]
NOTIC: [2048] Declaration of Home\Controller\CommonController::display() should be compatible with Think\Controller::display($templateFile = '', $charset = '', $contentType = '', $content = '', $prefix = '') /home/www/tp3/kami/Application/Home/Controller/CommonController.class.php 第 0 行.
SQL: SHOW COLUMNS FROM `k_conf` [ RunTime:0.0007s ]
SQL: SELECT `title`,`value` FROM `k_conf`  [ RunTime:0.0001s ]
SQL: SHOW COLUMNS FROM `k_user` [ RunTime:0.0006s ]
SQL: SELECT `balance` FROM `k_user` WHERE `id` = 1 LIMIT 1   [ RunTime:0.0002s ]
SQL: SHOW COLUMNS FROM `k_img` [ RunTime:0.0006s ]
SQL: SELECT `name`,`pid`,`path` FROM `k_img`  [ RunTime:0.0001s ]
SQL: SHOW COLUMNS FROM `k_user` [ RunTime:0.0006s ]
SQL: SHOW COLUMNS FROM `k_bank` [ RunTime:0.0005s ]
SQL: SHOW COLUMNS FROM `k_pay_order` [ RunTime:0.0005s ]
SQL: SELECT `bind_bank` FROM `k_user` WHERE `id` = 1 LIMIT 1   [ RunTime:0.0002s ]
SQL: SELECT * FROM `k_bank`  [ RunTime:0.0001s ]
INFO: [ view_parse ] --START--
INFO: [ template_filter ] --START--
INFO: Run Behavior\ContentReplaceBehavior [ RunTime:0.000051s ]
INFO: [ template_filter ] --END-- [ RunTime:0.000083s ]
INFO: Run Behavior\ParseTemplateBehavior [ RunTime:0.014526s ]
INFO: [ view_parse ] --END-- [ RunTime:0.014581s ]
INFO: [ view_filter ] --START--
INFO: Run Behavior\WriteHtmlCacheBehavior [ RunTime:0.000077s ]
INFO: [ view_filter ] --END-- [ RunTime:0.000101s ]
INFO: [ app_end ] --START--
INFO: Run Behavior\ShowPageTraceBehavior [ RunTime:0.000055s ]
INFO: [ app_end ] --END-- [ RunTime:0.000078s ]

[ 2018-01-13T19:14:59+08:00 ] 192.168.10.1 /
INFO: [ app_init ] --START--
INFO: Run Behavior\BuildLiteBehavior [ RunTime:0.000010s ]
INFO: [ app_init ] --END-- [ RunTime:0.000055s ]
INFO: [ app_begin ] --START--
INFO: Run Behavior\ReadHtmlCacheBehavior [ RunTime:0.000040s ]
INFO: [ app_begin ] --END-- [ RunTime:0.000072s ]
NOTIC: [2048] Declaration of Home\Controller\CommonController::display() should be compatible with Think\Controller::display($templateFile = '', $charset = '', $contentType = '', $content = '', $prefix = '') /home/www/tp3/kami/Application/Home/Controller/CommonController.class.php 第 0 行.
SQL: SHOW COLUMNS FROM `k_conf` [ RunTime:0.0006s ]
SQL: SELECT `title`,`value` FROM `k_conf`  [ RunTime:0.0001s ]
SQL: SHOW COLUMNS FROM `k_user` [ RunTime:0.0006s ]
SQL: SELECT `balance` FROM `k_user` WHERE `id` = 1 LIMIT 1   [ RunTime:0.0001s ]
SQL: SHOW COLUMNS FROM `k_img` [ RunTime:0.0006s ]
SQL: SELECT `name`,`pid`,`path` FROM `k_img`  [ RunTime:0.0001s ]
SQL: SHOW COLUMNS FROM `k_product` [ RunTime:0.0006s ]
SQL: SHOW COLUMNS FROM `k_product_category` [ RunTime:0.0005s ]
SQL: SELECT * FROM `k_product_category` ORDER BY sort asc  [ RunTime:0.0002s ]
SQL: SHOW COLUMNS FROM `k_product` [ RunTime:0.0006s ]
SQL: SELECT p.id,p.name,pc.name as cname FROM `k_product` `p`,`k_product_category` `pc` WHERE p.cid =pc.id ORDER BY pc.sort asc  [ RunTime:0.0001s ]
INFO: [ view_parse ] --START--
INFO: [ template_filter ] --START--
INFO: Run Behavior\ContentReplaceBehavior [ RunTime:0.000037s ]
INFO: [ template_filter ] --END-- [ RunTime:0.000062s ]
INFO: Run Behavior\ParseTemplateBehavior [ RunTime:0.015800s ]
INFO: [ view_parse ] --END-- [ RunTime:0.015851s ]
INFO: [ view_filter ] --START--
INFO: Run Behavior\WriteHtmlCacheBehavior [ RunTime:0.000042s ]
INFO: [ view_filter ] --END-- [ RunTime:0.000062s ]
INFO: [ app_end ] --START--
INFO: Run Behavior\ShowPageTraceBehavior [ RunTime:0.000031s ]
INFO: [ app_end ] --END-- [ RunTime:0.000052s ]

[ 2018-01-13T19:16:31+08:00 ] 192.168.10.1 /index.php/Order/create/pid/2.html
INFO: [ app_init ] --START--
INFO: Run Behavior\BuildLiteBehavior [ RunTime:0.000014s ]
INFO: [ app_init ] --END-- [ RunTime:0.000440s ]
INFO: [ app_begin ] --START--
INFO: Run Behavior\ReadHtmlCacheBehavior [ RunTime:0.000385s ]
INFO: [ app_begin ] --END-- [ RunTime:0.000450s ]
NOTIC: [2048] Declaration of Home\Controller\CommonController::display() should be compatible with Think\Controller::display($templateFile = '', $charset = '', $contentType = '', $content = '', $prefix = '') /home/www/tp3/kami/Application/Home/Controller/CommonController.class.php 第 0 行.
SQL: SHOW COLUMNS FROM `k_conf` [ RunTime:0.0005s ]
SQL: SELECT `title`,`value` FROM `k_conf`  [ RunTime:0.0001s ]
SQL: SHOW COLUMNS FROM `k_user` [ RunTime:0.0005s ]
SQL: SELECT `balance` FROM `k_user` WHERE `id` = 1 LIMIT 1   [ RunTime:0.0001s ]
SQL: SHOW COLUMNS FROM `k_img` [ RunTime:0.0005s ]
SQL: SELECT `name`,`pid`,`path` FROM `k_img`  [ RunTime:0.0001s ]
SQL: SHOW COLUMNS FROM `k_product` [ RunTime:0.0005s ]
SQL: SELECT * FROM `k_product` WHERE `id` = 2 LIMIT 1   [ RunTime:0.0003s ]
INFO: [ view_parse ] --START--
INFO: [ template_filter ] --START--
INFO: Run Behavior\ContentReplaceBehavior [ RunTime:0.000036s ]
INFO: [ template_filter ] --END-- [ RunTime:0.000073s ]
INFO: Run Behavior\ParseTemplateBehavior [ RunTime:0.031973s ]
INFO: [ view_parse ] --END-- [ RunTime:0.032018s ]
INFO: [ view_filter ] --START--
INFO: Run Behavior\WriteHtmlCacheBehavior [ RunTime:0.000297s ]
INFO: [ view_filter ] --END-- [ RunTime:0.000323s ]
INFO: [ app_end ] --START--
INFO: Run Behavior\ShowPageTraceBehavior [ RunTime:0.000233s ]
INFO: [ app_end ] --END-- [ RunTime:0.000255s ]

